<?xml version="1.0" encoding="UTF-8"?>
<testng-results ignored="0" total="1" passed="0" failed="1" skipped="0">
  <reporter-output>
  </reporter-output>
  <suite started-at="2025-12-19T13:38:24 EET" name="Default suite" finished-at="2025-12-19T13:38:55 EET" duration-ms="30684">
    <groups>
    </groups>
    <test started-at="2025-12-19T13:38:24 EET" name="Default test" finished-at="2025-12-19T13:38:55 EET" duration-ms="30684">
      <class name="tests.EquipmentTests">
        <test-method is-config="true" signature="setUp()[pri:0, instance:tests.EquipmentTests@4567f35d]" started-at="2025-12-19T13:38:24 EET" name="setUp" finished-at="2025-12-19T13:38:25 EET" duration-ms="1392" status="PASS">
          <reporter-output>
          </reporter-output>
        </test-method> <!-- setUp -->
        <test-method signature="EQP01_AddEquipment_ValidData()[pri:1, instance:tests.EquipmentTests@4567f35d]" started-at="2025-12-19T13:38:25 EET" name="EQP01_AddEquipment_ValidData" finished-at="2025-12-19T13:38:54 EET" duration-ms="29082" status="FAIL">
          <exception class="java.lang.AssertionError">
            <message>
              <![CDATA[expected [SN: SN-1766144307842] but found [SN: SN-1766144111368]]]>
            </message>
            <full-stacktrace>
              <![CDATA[java.lang.AssertionError: expected [SN: SN-1766144307842] but found [SN: SN-1766144111368]
at org.testng.Assert.fail(Assert.java:111)
at org.testng.Assert.failNotEquals(Assert.java:1578)
at org.testng.Assert.assertEqualsImpl(Assert.java:150)
at org.testng.Assert.assertEquals(Assert.java:132)
at org.testng.Assert.assertEquals(Assert.java:656)
at org.testng.Assert.assertEquals(Assert.java:666)
at tests.EquipmentTests.EQP01_AddEquipment_ValidData(EquipmentTests.java:53)
at java.base/jdk.internal.reflect.DirectMethodHandleAccessor.invoke(DirectMethodHandleAccessor.java:104)
at java.base/java.lang.reflect.Method.invoke(Method.java:565)
at org.testng.internal.invokers.MethodInvocationHelper.invokeMethod(MethodInvocationHelper.java:139)
at org.testng.internal.invokers.TestInvoker.invokeMethod(TestInvoker.java:664)
at org.testng.internal.invokers.TestInvoker.invokeTestMethod(TestInvoker.java:227)
at org.testng.internal.invokers.MethodRunner.runInSequence(MethodRunner.java:50)
at org.testng.internal.invokers.TestInvoker$MethodInvocationAgent.invoke(TestInvoker.java:957)
at org.testng.internal.invokers.TestInvoker.invokeTestMethods(TestInvoker.java:200)
at org.testng.internal.invokers.TestMethodWorker.invokeTestMethods(TestMethodWorker.java:148)
at org.testng.internal.invokers.TestMethodWorker.run(TestMethodWorker.java:128)
at java.base/java.util.ArrayList.forEach(ArrayList.java:1604)
at org.testng.TestRunner.privateRun(TestRunner.java:848)
at org.testng.TestRunner.run(TestRunner.java:621)
at org.testng.SuiteRunner.runTest(SuiteRunner.java:443)
at org.testng.SuiteRunner.runSequentially(SuiteRunner.java:437)
at org.testng.SuiteRunner.privateRun(SuiteRunner.java:397)
at org.testng.SuiteRunner.run(SuiteRunner.java:336)
at org.testng.SuiteRunnerWorker.runSuite(SuiteRunnerWorker.java:52)
at org.testng.SuiteRunnerWorker.run(SuiteRunnerWorker.java:95)
at org.testng.TestNG.runSuitesSequentially(TestNG.java:1280)
at org.testng.TestNG.runSuitesLocally(TestNG.java:1200)
at org.testng.TestNG.runSuites(TestNG.java:1114)
at org.testng.TestNG.run(TestNG.java:1082)
at org.testng.remote.AbstractRemoteTestNG.run(AbstractRemoteTestNG.java:115)
at org.testng.remote.RemoteTestNG.initAndRun(RemoteTestNG.java:293)
at org.testng.remote.RemoteTestNG.main(RemoteTestNG.java:91)
]]>
            </full-stacktrace>
          </exception> <!-- java.lang.AssertionError -->
          <reporter-output>
          </reporter-output>
        </test-method> <!-- EQP01_AddEquipment_ValidData -->
        <test-method is-config="true" signature="tearDown()[pri:0, instance:tests.EquipmentTests@4567f35d]" started-at="2025-12-19T13:38:54 EET" name="tearDown" finished-at="2025-12-19T13:38:55 EET" duration-ms="184" status="PASS">
          <reporter-output>
          </reporter-output>
        </test-method> <!-- tearDown -->
      </class> <!-- tests.EquipmentTests -->
    </test> <!-- Default test -->
  </suite> <!-- Default suite -->
</testng-results>
