<?xml version="1.0" encoding="UTF-8"?>
<!-- Generated by org.testng.reporters.JUnitXMLReporter -->
<testsuite ignored="13" hostname="SAN" failures="1" tests="1" name="Default test" time="30.684" errors="0" timestamp="2025-12-19T13:38:55 EET">
  <testcase classname="tests.EquipmentTests" name="EQP01_AddEquipment_ValidData" time="29.082">
    <failure type="java.lang.AssertionError" message="expected [SN: SN-1766144307842] but found [SN: SN-1766144111368]">
      <![CDATA[java.lang.AssertionError: expected [SN: SN-1766144307842] but found [SN: SN-1766144111368]
at org.testng.Assert.fail(Assert.java:111)
at org.testng.Assert.failNotEquals(Assert.java:1578)
at org.testng.Assert.assertEqualsImpl(Assert.java:150)
at org.testng.Assert.assertEquals(Assert.java:132)
at org.testng.Assert.assertEquals(Assert.java:656)
at org.testng.Assert.assertEquals(Assert.java:666)
at tests.EquipmentTests.EQP01_AddEquipment_ValidData(EquipmentTests.java:53)
at java.base/jdk.internal.reflect.DirectMethodHandleAccessor.invoke(DirectMethodHandleAccessor.java:104)
at java.base/java.lang.reflect.Method.invoke(Method.java:565)
at org.testng.internal.invokers.MethodInvocationHelper.invokeMethod(MethodInvocationHelper.java:139)
at org.testng.internal.invokers.TestInvoker.invokeMethod(TestInvoker.java:664)
at org.testng.internal.invokers.TestInvoker.invokeTestMethod(TestInvoker.java:227)
at org.testng.internal.invokers.MethodRunner.runInSequence(MethodRunner.java:50)
at org.testng.internal.invokers.TestInvoker$MethodInvocationAgent.invoke(TestInvoker.java:957)
at org.testng.internal.invokers.TestInvoker.invokeTestMethods(TestInvoker.java:200)
at org.testng.internal.invokers.TestMethodWorker.invokeTestMethods(TestMethodWorker.java:148)
at org.testng.internal.invokers.TestMethodWorker.run(TestMethodWorker.java:128)
at java.base/java.util.ArrayList.forEach(ArrayList.java:1604)
at org.testng.TestRunner.privateRun(TestRunner.java:848)
at org.testng.TestRunner.run(TestRunner.java:621)
at org.testng.SuiteRunner.runTest(SuiteRunner.java:443)
at org.testng.SuiteRunner.runSequentially(SuiteRunner.java:437)
at org.testng.SuiteRunner.privateRun(SuiteRunner.java:397)
at org.testng.SuiteRunner.run(SuiteRunner.java:336)
at org.testng.SuiteRunnerWorker.runSuite(SuiteRunnerWorker.java:52)
at org.testng.SuiteRunnerWorker.run(SuiteRunnerWorker.java:95)
at org.testng.TestNG.runSuitesSequentially(TestNG.java:1280)
at org.testng.TestNG.runSuitesLocally(TestNG.java:1200)
at org.testng.TestNG.runSuites(TestNG.java:1114)
at org.testng.TestNG.run(TestNG.java:1082)
at org.testng.remote.AbstractRemoteTestNG.run(AbstractRemoteTestNG.java:115)
at org.testng.remote.RemoteTestNG.initAndRun(RemoteTestNG.java:293)
at org.testng.remote.RemoteTestNG.main(RemoteTestNG.java:91)
]]>
    </failure>
  </testcase> <!-- EQP01_AddEquipment_ValidData -->
  <testcase classname="SmartAgricultural.sams.BaseTest" name="openLocalhost" time="0.0">
    <ignored/>
  </testcase> <!-- openLocalhost -->
  <testcase classname="tests.EquipmentTests" name="EQP03_blanckserialnumber_EditEquipment" time="0.0">
    <ignored/>
  </testcase> <!-- EQP03_blanckserialnumber_EditEquipment -->
  <testcase classname="tests.EquipmentTests" name="EQP03_sapces_blanckmodel_EditEquipment" time="0.0">
    <ignored/>
  </testcase> <!-- EQP03_sapces_blanckmodel_EditEquipment -->
  <testcase classname="tests.EquipmentTests" name="EQP05_ListLoadsQuickly" time="0.0">
    <ignored/>
  </testcase> <!-- EQP05_ListLoadsQuickly -->
  <testcase classname="tests.EquipmentTests" name="EQP04_DeleteEquipment" time="0.0">
    <ignored/>
  </testcase> <!-- EQP04_DeleteEquipment -->
  <testcase classname="tests.EquipmentTests" name="EQP03_spacesblanckserialnumber_EditEquipment" time="0.0">
    <ignored/>
  </testcase> <!-- EQP03_spacesblanckserialnumber_EditEquipment -->
  <testcase classname="tests.EquipmentTests" name="EQP02_blanckmodel_Required" time="0.0">
    <ignored/>
  </testcase> <!-- EQP02_blanckmodel_Required -->
  <testcase classname="tests.EquipmentTests" name="EQP03_status_EditEquipment" time="0.0">
    <ignored/>
  </testcase> <!-- EQP03_status_EditEquipment -->
  <testcase classname="tests.EquipmentTests" name="EQP03_EditEquipment" time="0.0">
    <ignored/>
  </testcase> <!-- EQP03_EditEquipment -->
  <testcase classname="tests.EquipmentTests" name="EQP02_spacesblanckmodel_Required" time="0.0">
    <ignored/>
  </testcase> <!-- EQP02_spacesblanckmodel_Required -->
  <testcase classname="tests.EquipmentTests" name="EQP03_blanckmodel_EditEquipment" time="0.0">
    <ignored/>
  </testcase> <!-- EQP03_blanckmodel_EditEquipment -->
  <testcase classname="tests.EquipmentTests" name="EQP02_blanckSerial_Required" time="0.0">
    <ignored/>
  </testcase> <!-- EQP02_blanckSerial_Required -->
  <testcase classname="tests.EquipmentTests" name="EQP02_spacesblanckSerial_Required" time="0.0">
    <ignored/>
  </testcase> <!-- EQP02_spacesblanckSerial_Required -->
</testsuite> <!-- Default test -->
