<?xml version="1.0" encoding="UTF-8"?>
<!-- Generated by org.testng.reporters.JUnitReportReporter -->
<testsuite hostname="SAN" failures="0" tests="8" name="tests.LoginTests" time="40.185" errors="0" timestamp="2025-12-19T13:15:46 EET" skipped="0">
  <testcase classname="tests.LoginTests" name="openLocalhost" time="1.889"/>
  <testcase classname="tests.LoginTests" name="LI_01_validEmail" time="2.943"/>
  <testcase classname="tests.LoginTests" name="LI_07_emailFormatValidation" time="3.323"/>
  <testcase classname="tests.LoginTests" name="LI_02_invalidEmail" time="8.245"/>
  <testcase classname="tests.LoginTests" name="LI_03_blankEmail" time="13.151"/>
  <testcase classname="tests.LoginTests" name="LI_04_loginSuccses" time="4.131"/>
  <testcase classname="tests.LoginTests" name="LI_05_invalidPassword" time="3.782"/>
  <testcase classname="tests.LoginTests" name="LI_06_blankPassword" time="2.721"/>
</testsuite> <!-- tests.LoginTests -->
